[     675ms] [WARNING] A parser-blocking, cross site (i.e. different eTLD+1) script, https://oapi.map.naver.com/openapi/v3/maps.js?ncpKeyId=rumlayj5ar&submodules=panorama, is invoked via document.write. The network request for this script MAY be blocked by the browser in this or a future page load due to poor network connectivity. If blocked in this page load, it will be confirmed in a subsequent console message. See https://www.chromestatus.com/feature/5718547946799104 for more details. @ https://www.peterpanz.com/:2777
[     675ms] [WARNING] A parser-blocking, cross site (i.e. different eTLD+1) script, https://oapi.map.naver.com/openapi/v3/maps.js?ncpKeyId=rumlayj5ar&submodules=panorama, is invoked via document.write. The network request for this script MAY be blocked by the browser in this or a future page load due to poor network connectivity. If blocked in this page load, it will be confirmed in a subsequent console message. See https://www.chromestatus.com/feature/5718547946799104 for more details. @ https://www.peterpanz.com/:2777
[     765ms] [WARNING] A parser-blocking, cross site (i.e. different eTLD+1) script, https://oapi.map.naver.com/openapi/v3/maps-panorama.js, is invoked via document.write. The network request for this script MAY be blocked by the browser in this or a future page load due to poor network connectivity. If blocked in this page load, it will be confirmed in a subsequent console message. See https://www.chromestatus.com/feature/5718547946799104 for more details. @ https://oapi.map.naver.com/openapi/v3/maps.js?ncpKeyId=rumlayj5ar&submodules=panorama:15
[     765ms] [WARNING] A parser-blocking, cross site (i.e. different eTLD+1) script, https://oapi.map.naver.com/openapi/v3/maps-panorama.js, is invoked via document.write. The network request for this script MAY be blocked by the browser in this or a future page load due to poor network connectivity. If blocked in this page load, it will be confirmed in a subsequent console message. See https://www.chromestatus.com/feature/5718547946799104 for more details. @ https://oapi.map.naver.com/openapi/v3/maps.js?ncpKeyId=rumlayj5ar&submodules=panorama:15
[    1097ms] [WARNING] Failed to execute 'write' on 'Document': It isn't possible to write into a document from an asynchronously-loaded external script unless it is explicitly opened. @ https://securepubads.g.doubleclick.net/tag/js/gpt.js:10
[    1111ms] [VERBOSE] [DOM] Input elements should have autocomplete attributes (suggested: "username"): (More info: https://goo.gl/9p2vKq) %o @ https://www.peterpanz.com/villa:0
[    1111ms] [VERBOSE] [DOM] Input elements should have autocomplete attributes (suggested: "new-password"): (More info: https://goo.gl/9p2vKq) %o @ https://www.peterpanz.com/villa:0
[    1111ms] [VERBOSE] [DOM] Input elements should have autocomplete attributes (suggested: "new-password"): (More info: https://goo.gl/9p2vKq) %o @ https://www.peterpanz.com/villa:0
[    1543ms] [ERROR] GeolocationPositionError @ https://www.datadoghq-browser-agent.com/us1/v6/datadog-rum.js:0
[    1610ms] [ERROR] Attestation check for Attribution Reporting on https://www.facebook.com failed. @ https://www.peterpanz.com/villa:0
[    2010ms] [WARNING] [GPT] Using deprecated googletag.encryptedSignalProviders. Please use googletag.secureSignalProviders instead.
https://goo.gle/gpt-message#155 @ https://securepubads.g.doubleclick.net/pagead/managed/js/gpt/m202604070101/pubads_impl.js?cb=31097741:18
[    2253ms] [ERROR] Attestation check for Attribution Reporting on https://www.facebook.com failed. @ https://www.peterpanz.com/villa?zoomLevel=12&center=%7B%22y%22:37.566628,%22_lat%22:37.566628,%22x%22:126.978038,%22_lng%22:126.978038%7D&dong=&gungu=&filter=latitude:37.492571~37.6406114%7C%7Clongitude:126.9402725~127.2080642%7C%7CbuildingType;%5B%22%EB%B9%8C%EB%9D%BC/%EC%A3%BC%ED%83%9D%22%5D&:0
[    2836ms] [WARNING] [GPT] Using deprecated googletag.encryptedSignalProviders. Please use googletag.secureSignalProviders instead.
https://goo.gle/gpt-message#155 @ https://securepubads.g.doubleclick.net/pagead/managed/js/gpt/m202604070101/pubads_impl.js?cb=31097741:18
[    5350ms] [ERROR] Attestation check for Shared Storage on https://www.googleadservices.com failed. @ https://www.googleadservices.com/pagead/managed/js/activeview/current/reach_worklet.html:0
[   12125ms] TypeError: Cannot read properties of undefined (reading 'roomType')
    at i.<anonymous> (https://www.peterpanz.com/js/app.js:112271:33)
    at invokeFunc (https://www.peterpanz.com/js/app.js:18715:23)
    at trailingEdge (https://www.peterpanz.com/js/app.js:18764:18)
    at timerExpired (https://www.peterpanz.com/js/app.js:18752:18)
[   35924ms] [ERROR] Failed to load resource: net::ERR_TIMED_OUT @ https://csync.loopme.me/?pubid=11537&gdpr=${GDPR}&gdpr_consent=${GDPR_CONSENT_109}&redirect=https%3A%2F%2Fcm.g.doubleclick.net%2Fpixel%3Fgoogle_nid%3Dloopme_eb_%26google_hm%3D{viewer_token}&google_gid=CAESEKMBMl8DVqpqlTKlGVZFn-E&google_cver=1&google_push=AXcoOmSJx-sijQig0G3zRR-OYgyjmcES4H979bFWYr1cCX4qeqqHN1pN3ZJpx7b3Bxyd7VaTnRpGkDfL9A765aMV1ky4odSkVHFvUqcq21e6EIozJwbPMaYtOhdKHOZ_mPfj5NijqNWl0om9rwkVVwL34KDgPA:0
[   35924ms] [ERROR] Failed to load resource: net::ERR_TIMED_OUT @ https://csync.loopme.me/?pubid=11537&gdpr=${GDPR}&gdpr_consent=${GDPR_CONSENT_109}&redirect=https%3A%2F%2Fcm.g.doubleclick.net%2Fpixel%3Fgoogle_nid%3Dloopme_eb_%26google_hm%3D{viewer_token}&google_gid=CAESEKMBMl8DVqpqlTKlGVZFn-E&google_cver=1&google_push=AXcoOmSJx-sijQig0G3zRR-OYgyjmcES4H979bFWYr1cCX4qeqqHN1pN3ZJpx7b3Bxyd7VaTnRpGkDfL9A765aMV1ky4odSkVHFvUqcq21e6EIozJwbPMaYtOhdKHOZ_mPfj5NijqNWl0om9rwkVVwL34KDgPA:0
[   64119ms] [ERROR] Failed to load resource: net::ERR_NAME_NOT_RESOLVED @ https://cs.lkqd.net/cs?partnerId=59&redirect=https%3A%2F%2Fcm.g.doubleclick.net%2Fpixel%3Fgoogle_nid%3Dlkqd_dbm%26google_hm%3D%24%24rawlkqduserid%7Cbase64%24%24:0
[   64201ms] [ERROR] Failed to load resource: net::ERR_NAME_NOT_RESOLVED @ https://cs.lkqd.net/cs?partnerId=59&partnerUserId=CAESEGGvdhFRTMz5p-NiNNEaWko&google_cver=1:0
[   64433ms] [ERROR] Attestation check for Shared Storage on https://www.googleadservices.com failed. @ https://www.googleadservices.com/pagead/managed/js/activeview/current/reach_worklet.html:0
[   64433ms] [ERROR] Attestation check for Shared Storage on https://www.googleadservices.com failed. @ https://www.googleadservices.com/pagead/managed/js/activeview/current/reach_worklet.html:0
[   64613ms] [ERROR] Attestation check for Shared Storage on https://www.googleadservices.com failed. @ https://www.googleadservices.com/pagead/managed/js/activeview/current/reach_worklet.html:0
